[1;35;49mNuclideProperties Warning: [0mNuclear data properties with file type ACE, version 8 and evaluation temp 2.530048815540800510e-08 MeV do not exist! Data for the closes evaluation temp (2.530099999999999938e-08 MeV) will be returned!
[1;36;49m  Location:[0m 

[1;35;49mNuclideProperties Warning: [0mNuclear data properties with file type ACE, version 8 and evaluation temp 2.530048815540800510e-08 MeV do not exist! Data for the closes evaluation temp (2.530099999999999938e-08 MeV) will be returned!
[1;36;49m  Location:[0m 

[1;35;49mNuclideProperties Warning: [0mNuclear data properties with file type ACE, version 8 and evaluation temp 2.530048815540800510e-08 MeV do not exist! Data for the closes evaluation temp (2.530099999999999938e-08 MeV) will be returned!
[1;36;49m  Location:[0m 

[1;35;49mNuclideProperties Warning: [0mNuclear data properties with file type ACE, version 8 and evaluation temp 2.530048815540800510e-08 MeV do not exist! Data for the closes evaluation temp (2.530099999999999938e-08 MeV) will be returned!
[1;36;49m  Location:[0m 

[1;35;49mNuclideProperties Warning: [0mNuclear data properties with file type ACE, version 8 and evaluation temp 2.530048815540800510e-08 MeV do not exist! Data for the closes evaluation temp (2.530099999999999938e-08 MeV) will be returned!
[1;36;49m  Location:[0m 

[1;35;49mNuclideProperties Warning: [0mNuclear data properties with file type ACE, version 8 and evaluation temp 2.530048815540800510e-08 MeV do not exist! Data for the closes evaluation temp (2.530099999999999938e-08 MeV) will be returned!
[1;36;49m  Location:[0m 

[1;35;49mNuclideProperties Warning: [0mNuclear data properties with file type ACE, version 8 and evaluation temp 2.530048815540800510e-08 MeV do not exist! Data for the closes evaluation temp (2.530099999999999938e-08 MeV) will be returned!
[1;36;49m  Location:[0m 

[1;35;49mNuclideProperties Warning: [0mNuclear data properties with file type ACE, version 8 and evaluation temp 2.530048815540800510e-08 MeV do not exist! Data for the closes evaluation temp (2.530099999999999938e-08 MeV) will be returned!
[1;36;49m  Location:[0m 

[1;35;49mNuclideProperties Warning: [0mNuclear data properties with file type ACE, version 8 and evaluation temp 2.530048815540800510e-08 MeV do not exist! Data for the closes evaluation temp (2.530099999999999938e-08 MeV) will be returned!
[1;36;49m  Location:[0m 

[1;35;49mNuclideProperties Warning: [0mNuclear data properties with file type ACE, version 8 and evaluation temp 2.530048815540800510e-08 MeV do not exist! Data for the closes evaluation temp (2.530099999999999938e-08 MeV) will be returned!
[1;36;49m  Location:[0m 

[1;35;49mNuclideProperties Warning: [0mNuclear data properties with file type ACE, version 8 and evaluation temp 2.530048815540800510e-08 MeV do not exist! Data for the closes evaluation temp (2.530099999999999938e-08 MeV) will be returned!
[1;36;49m  Location:[0m 

[1;35;49mNuclideProperties Warning: [0mNuclear data properties with file type ACE, version 8 and evaluation temp 2.530048815540800510e-08 MeV do not exist! Data for the closes evaluation temp (2.530099999999999938e-08 MeV) will be returned!
[1;36;49m  Location:[0m 

Loading model snm.h5m ... Set overlap thickness = 0
Set numerical precision = 0.001
done!

[1;35;49mFilledGeometryModel Warning: [0mMaterial 3 is not used!
[1;36;49m  Location:[0m 

Starting to load nuclide data tables ... 

 Loading ACE cross section table 18040.80c from /home/simulator/data/xdata/endf71x/Ar/18040.710nc ... 