terminate called after throwing an instance of 'Utility::ContractException'
  what():  Error: Precondition exception

  Throw test that evaluated to true: !(d_weight > 0.0)
  Exception Type: Utility::ContractException
  Location: /home/simulator/FRENSIE/src/packages/monte_carlo/core/src/MonteCarlo_ParticleState.cpp:540

[hpc373:18852] *** Process received signal ***
[hpc373:18852] Signal: Aborted (6)
[hpc373:18852] Signal code:  (-6)
[hpc373:18852] [ 0] /lib/x86_64-linux-gnu/libc.so.6(+0x3f040)[0x2ae2c218b040]
[hpc373:18852] [ 1] /lib/x86_64-linux-gnu/libc.so.6(gsignal+0xc7)[0x2ae2c218afb7]
[hpc373:18852] [ 2] --------------------------------------------------------------------------
An MPI communication peer process has unexpectedly disconnected.  This
usually indicates a failure in the peer process (e.g., a crash or
otherwise exiting without calling MPI_FINALIZE first).

Although this local MPI process will likely now behave unpredictably
(it may even hang or crash), the root cause of this problem is the
failure of the peer -- that is what you need to investigate.  For
example, there may be a core file that you can examine.  More
generally: such peer hangups are frequently caused by application bugs
or other external events.

  Local host: hpc372
  Local PID:  18034
  Peer host:  hpc373
--------------------------------------------------------------------------
/lib/x86_64-linux-gnu/libc.so.6(abort+0x141)[0x2ae2c218c921]
[hpc373:18852] [ 3] /usr/lib/x86_64-linux-gnu/libstdc++.so.6(+0x8c957)[0x2ae2dbca0957]
[hpc373:18852] [ 4] /usr/lib/x86_64-linux-gnu/libstdc++.so.6(+0x92ae6)[0x2ae2dbca6ae6]
[hpc373:18852] [ 5] /usr/lib/x86_64-linux-gnu/libstdc++.so.6(+0x91b49)[0x2ae2dbca5b49]
[hpc373:18852] [ 6] /usr/lib/x86_64-linux-gnu/libstdc++.so.6(__gxx_personality_v0+0x2a8)[0x2ae2dbca64b8]
[hpc373:18852] [ 7] /lib/x86_64-linux-gnu/libgcc_s.so.1(+0x10573)[0x2ae2dbfad573]
[hpc373:18852] [ 8] /lib/x86_64-linux-gnu/libgcc_s.so.1(_Unwind_Resume+0x125)[0x2ae2dbfaddf5]
[hpc373:18852] [ 9] /home/simulator/FRENSIE/lib/libmonte_carlo_manager.so(_ZN10MonteCarlo25ParticleSimulationManager16simulateParticleINS_12NeutronStateEEEvRNS_13ParticleStateERNS_12ParticleBankEb+0x34d)[0x2ae30ea618e1]
[hpc373:18852] [10] /home/simulator/FRENSIE/lib/libmonte_carlo_manager.so(_ZSt13__invoke_implIvRMN10MonteCarlo25ParticleSimulationManagerEFvRNS0_13ParticleStateERNS0_12ParticleBankEbERNS0_33StandardParticleSimulationManagerILNS0_16ParticleModeTypeE0EEEJS3_S5_bEET_St19__invoke_memfun_refOT0_OT1_DpOT2_+0xb4)[0x2ae30ea8fe37]
[hpc373:18852] [11] /home/simulator/FRENSIE/lib/libmonte_carlo_manager.so(_ZSt8__invokeIRMN10MonteCarlo25ParticleSimulationManagerEFvRNS0_13ParticleStateERNS0_12ParticleBankEbEJRNS0_33StandardParticleSimulationManagerILNS0_16ParticleModeTypeE0EEES3_S5_bEENSt15__invoke_resultIT_JDpT0_EE4typeEOSE_DpOSF_+0x96)[0x2ae30ea8b56a]
[hpc373:18852] [12] /home/simulator/FRENSIE/lib/libmonte_carlo_manager.so(_ZNSt12_Bind_resultIvFMN10MonteCarlo25ParticleSimulationManagerEFvRNS0_13ParticleStateERNS0_12ParticleBankEbESt17reference_wrapperINS0_33StandardParticleSimulationManagerILNS0_16ParticleModeTypeE0EEEESt12_PlaceholderILi1EESD_ILi2EESD_ILi3EEEE6__callIvJS3_S5_ObEJLm0ELm1ELm2ELm3EEEENSt9enable_ifIXtlSt7is_voidIT_EEEvE4typeEOSt5tupleIJDpT0_EESt12_Index_tupleIJXspT1_EEE+0xdd)[0x2ae30ea8812b]
[hpc373:18852] [13] /home/simulator/FRENSIE/lib/libmonte_carlo_manager.so(_ZNSt12_Bind_resultIvFMN10MonteCarlo25ParticleSimulationManagerEFvRNS0_13ParticleStateERNS0_12ParticleBankEbESt17reference_wrapperINS0_33StandardParticleSimulationManagerILNS0_16ParticleModeTypeE0EEEESt12_PlaceholderILi1EESD_ILi2EESD_ILi3EEEEclIJS3_S5_bEEEvDpOT_+0x84)[0x2ae30ea83b88]
[hpc373:18852] [14] /home/simulator/FRENSIE/lib/libmonte_carlo_manager.so(_ZNSt17_Function_handlerIFvRN10MonteCarlo13ParticleStateERNS0_12ParticleBankEbESt12_Bind_resultIvFMNS0_25ParticleSimulationManagerEFvS2_S4_bESt17reference_wrapperINS0_33StandardParticleSimulationManagerILNS0_16ParticleModeTypeE0EEEESt12_PlaceholderILi1EESF_ILi2EESF_ILi3EEEEE9_M_invokeERKSt9_Any_dataS2_S4_Ob+0x67)[0x2ae30ea7b530]
[hpc373:18852] [15] /home/simulator/FRENSIE/lib/libmonte_carlo_manager.so(_ZNKSt8functionIFvRN10MonteCarlo13ParticleStateERNS0_12ParticleBankEbEEclES2_S4_b+0x77)[0x2ae30eb86537]
[hpc373:18852] [16] /home/simulator/FRENSIE/lib/libmonte_carlo_manager.so(_ZN10MonteCarlo33StandardParticleSimulationManagerILNS_16ParticleModeTypeE0EE26simulateUnresolvedParticleERNS_13ParticleStateERNS_12ParticleBankEb+0xcd)[0x2ae30eb836af]
[hpc373:18852] [17] /home/simulator/FRENSIE/lib/libmonte_carlo_manager.so(+0x61f04f)[0x2ae30ea1004f]
[hpc373:18852] [18] /usr/lib/x86_64-linux-gnu/libgomp.so.1(+0x1696e)[0x2ae2de17996e]
[hpc373:18852] [19] /lib/x86_64-linux-gnu/libpthread.so.0(+0x76db)[0x2ae2c25446db]
[hpc373:18852] [20] /lib/x86_64-linux-gnu/libc.so.6(clone+0x3f)[0x2ae2c226d71f]
[hpc373:18852] *** End of error message ***
--------------------------------------------------------------------------
Primary job  terminated normally, but 1 process returned
a non-zero exit code. Per user-direction, the job has been aborted.
--------------------------------------------------------------------------
--------------------------------------------------------------------------
mpirun noticed that process rank 6 with PID 18783 on node hpc373 exited on signal 6 (Aborted).
--------------------------------------------------------------------------
